build/outputs/logs/manifest-merger-release-report.txt
-- Merging decision tree log ---
manifest
ADDED from GasSystem\AndroidManifest.xml:2:1-255:12
	package
		ADDED from GasSystem\AndroidManifest.xml:3:5-31
		INJECTED from GasSystem\AndroidManifest.xml
		INJECTED from GasSystem\AndroidManifest.xml
	android:versionName
		INJECTED from GasSystem\AndroidManifest.xml
		INJECTED from GasSystem\AndroidManifest.xml
	xmlns:android
		ADDED from GasSystem\AndroidManifest.xml:2:11-69
	android:versionCode
		INJECTED from GasSystem\AndroidManifest.xml
		INJECTED from GasSystem\AndroidManifest.xml
uses-permission#android.permission.READ_EXTERNAL_STORAGE
ADDED from GasSystem\AndroidManifest.xml:6:5-80
	android:name
		ADDED from GasSystem\AndroidManifest.xml:6:22-77
uses-permission#android.permission.INTERNET
ADDED from GasSystem\AndroidManifest.xml:7:5-67
	android:name
		ADDED from GasSystem\AndroidManifest.xml:7:22-64
uses-permission#android.permission.ACCESS_NETWORK_STATE
ADDED from GasSystem\AndroidManifest.xml:8:5-79
	android:name
		ADDED from GasSystem\AndroidManifest.xml:8:22-76
uses-permission#android.permission.SEND_SMS
ADDED from GasSystem\AndroidManifest.xml:11:5-67
	android:name
		ADDED from GasSystem\AndroidManifest.xml:11:22-64
uses-permission#android.permission.READ_SMS
ADDED from GasSystem\AndroidManifest.xml:13:5-67
	android:name
		ADDED from GasSystem\AndroidManifest.xml:13:22-64
uses-permission#android.permission.WRITE_SMS
ADDED from GasSystem\AndroidManifest.xml:15:5-68
	android:name
		ADDED from GasSystem\AndroidManifest.xml:15:22-65
uses-permission#android.permission.RECEIVE_SMS
ADDED from GasSystem\AndroidManifest.xml:17:5-70
	android:name
		ADDED from GasSystem\AndroidManifest.xml:17:22-67
uses-permission#android.permission.MOUNT_UNMOUNT_FILESYSTEMS
ADDED from GasSystem\AndroidManifest.xml:19:5-84
	android:name
		ADDED from GasSystem\AndroidManifest.xml:19:22-81
uses-permission#android.permission.WRITE_EXTERNAL_STORAGE
ADDED from GasSystem\AndroidManifest.xml:21:5-81
	android:name
		ADDED from GasSystem\AndroidManifest.xml:21:22-78
uses-permission#android.permission.SYSTEM_ALERT_WINDOW
ADDED from GasSystem\AndroidManifest.xml:24:5-78
	android:name
		ADDED from GasSystem\AndroidManifest.xml:24:22-75
uses-permission#android.permission.RESTART_PACKAGES
ADDED from GasSystem\AndroidManifest.xml:25:5-75
	android:name
		ADDED from GasSystem\AndroidManifest.xml:25:22-72
uses-permission#android.permission.GET_TASKS
ADDED from GasSystem\AndroidManifest.xml:26:5-68
	android:name
		ADDED from GasSystem\AndroidManifest.xml:26:22-65
uses-permission#android.permission.BLUETOOTH_ADMIN
ADDED from GasSystem\AndroidManifest.xml:29:5-74
	android:name
		ADDED from GasSystem\AndroidManifest.xml:29:22-71
uses-permission#android.permission.BLUETOOTH
ADDED from GasSystem\AndroidManifest.xml:31:5-68
	android:name
		ADDED from GasSystem\AndroidManifest.xml:31:22-65
uses-permission#android.permission.VIBRATE
ADDED from GasSystem\AndroidManifest.xml:34:5-66
	android:name
		ADDED from GasSystem\AndroidManifest.xml:34:22-63
uses-permission#android.permission.FLASHLIGHT
ADDED from GasSystem\AndroidManifest.xml:35:5-69
	android:name
		ADDED from GasSystem\AndroidManifest.xml:35:22-66
uses-permission#android.permission.CAMERA
ADDED from GasSystem\AndroidManifest.xml:36:5-65
	android:name
		ADDED from GasSystem\AndroidManifest.xml:36:22-62
uses-feature#android.hardware.camera
ADDED from GasSystem\AndroidManifest.xml:38:5-60
	android:name
		ADDED from GasSystem\AndroidManifest.xml:38:19-57
uses-feature#android.hardware.camera.autofocus
ADDED from GasSystem\AndroidManifest.xml:39:5-70
	android:name
		ADDED from GasSystem\AndroidManifest.xml:39:19-67
supports-screens
ADDED from GasSystem\AndroidManifest.xml:41:5-45:39
	android:largeScreens
		ADDED from GasSystem\AndroidManifest.xml:43:9-36
	android:smallScreens
		ADDED from GasSystem\AndroidManifest.xml:45:9-36
	android:normalScreens
		ADDED from GasSystem\AndroidManifest.xml:44:9-37
	android:anyDensity
		ADDED from GasSystem\AndroidManifest.xml:42:9-34
application
ADDED from GasSystem\AndroidManifest.xml:47:5-254:19
MERGED from [com.github.jdsjlzx:LRecyclerView:1.4.3] AndroidManifest.xml:11:5-15:19
MERGED from [com.android.support:design:25.3.0] AndroidManifest.xml:29:5-20
MERGED from [com.android.support:transition:25.3.0] AndroidManifest.xml:26:5-20
MERGED from [GasSystem:zuoni-common:unspecified] AndroidManifest.xml:11:5-14:38
MERGED from [com.android.support:appcompat-v7:25.3.0] AndroidManifest.xml:29:5-20
MERGED from [com.android.support:support-v4:25.3.0] AndroidManifest.xml:29:5-20
MERGED from [com.android.support:support-fragment:25.3.0] AndroidManifest.xml:29:5-20
MERGED from [com.android.support:support-media-compat:25.3.0] AndroidManifest.xml:29:5-20
MERGED from [com.android.support:support-core-ui:25.3.0] AndroidManifest.xml:29:5-20
MERGED from [com.android.support:support-core-utils:25.3.0] AndroidManifest.xml:29:5-20
MERGED from [com.android.support:animated-vector-drawable:25.3.0] AndroidManifest.xml:26:5-20
MERGED from [com.android.support:support-vector-drawable:25.3.0] AndroidManifest.xml:26:5-20
MERGED from [com.android.support:support-compat:25.3.0] AndroidManifest.xml:29:5-20
	android:label
		ADDED from GasSystem\AndroidManifest.xml:51:9-41
	android:supportsRtl
		ADDED from [com.github.jdsjlzx:LRecyclerView:1.4.3] AndroidManifest.xml:14:9-35
	android:allowBackup
		ADDED from GasSystem\AndroidManifest.xml:49:9-35
	android:icon
		ADDED from GasSystem\AndroidManifest.xml:50:9-43
	android:theme
		ADDED from GasSystem\AndroidManifest.xml:52:9-40
	android:name
		ADDED from GasSystem\AndroidManifest.xml:48:9-38
activity#com.pl.gassystem.MainActivity
ADDED from GasSystem\AndroidManifest.xml:53:9-57:51
	android:screenOrientation
		ADDED from GasSystem\AndroidManifest.xml:56:13-49
	android:label
		ADDED from GasSystem\AndroidManifest.xml:55:13-32
	android:theme
		ADDED from GasSystem\AndroidManifest.xml:57:13-48
	android:name
		ADDED from GasSystem\AndroidManifest.xml:54:13-41
activity#com.pl.gassystem.LoginActivity
ADDED from GasSystem\AndroidManifest.xml:58:9-67:20
	android:screenOrientation
		ADDED from GasSystem\AndroidManifest.xml:60:13-49
	android:theme
		ADDED from GasSystem\AndroidManifest.xml:61:13-60
	android:name
		ADDED from GasSystem\AndroidManifest.xml:59:13-42
intent-filter#android.intent.action.MAIN+android.intent.category.LAUNCHER
ADDED from GasSystem\AndroidManifest.xml:62:13-66:29
action#android.intent.action.MAIN
ADDED from GasSystem\AndroidManifest.xml:63:17-69
	android:name
		ADDED from GasSystem\AndroidManifest.xml:63:25-66
category#android.intent.category.LAUNCHER
ADDED from GasSystem\AndroidManifest.xml:65:17-77
	android:name
		ADDED from GasSystem\AndroidManifest.xml:65:27-74
activity#com.pl.gassystem.GroupInfoStatisticActivity
ADDED from GasSystem\AndroidManifest.xml:69:9-64
	android:name
		ADDED from GasSystem\AndroidManifest.xml:69:19-61
activity#com.pl.gassystem.activity.CopyDetailsActivity
ADDED from GasSystem\AndroidManifest.xml:70:9-66
	android:name
		ADDED from GasSystem\AndroidManifest.xml:70:19-63
activity#com.pl.gassystem.ExportExcelActivity
ADDED from GasSystem\AndroidManifest.xml:71:9-57
	android:name
		ADDED from GasSystem\AndroidManifest.xml:71:19-54
activity#com.pl.gassystem.ImportExcelActivity
ADDED from GasSystem\AndroidManifest.xml:72:9-57
	android:name
		ADDED from GasSystem\AndroidManifest.xml:72:19-54
activity#com.pl.gassystem.BookInfoActivity
ADDED from GasSystem\AndroidManifest.xml:73:9-77:51
	android:screenOrientation
		ADDED from GasSystem\AndroidManifest.xml:76:13-49
	android:label
		ADDED from GasSystem\AndroidManifest.xml:75:13-61
	android:theme
		ADDED from GasSystem\AndroidManifest.xml:77:13-48
	android:name
		ADDED from GasSystem\AndroidManifest.xml:74:13-45
activity#com.pl.gassystem.BookInfoUpdateActivity
ADDED from GasSystem\AndroidManifest.xml:78:9-82:51
	android:screenOrientation
		ADDED from GasSystem\AndroidManifest.xml:81:13-49
	android:label
		ADDED from GasSystem\AndroidManifest.xml:80:13-68
	android:theme
		ADDED from GasSystem\AndroidManifest.xml:82:13-48
	android:name
		ADDED from GasSystem\AndroidManifest.xml:79:13-51
activity#com.pl.gassystem.GroupInfoActivity
ADDED from GasSystem\AndroidManifest.xml:83:9-86:51
	android:screenOrientation
		ADDED from GasSystem\AndroidManifest.xml:85:13-49
	android:theme
		ADDED from GasSystem\AndroidManifest.xml:86:13-48
	android:name
		ADDED from GasSystem\AndroidManifest.xml:84:13-46
activity#com.pl.gassystem.GroupInfoUpdateActivity
ADDED from GasSystem\AndroidManifest.xml:87:9-91:51
	android:screenOrientation
		ADDED from GasSystem\AndroidManifest.xml:90:13-49
	android:label
		ADDED from GasSystem\AndroidManifest.xml:89:13-69
	android:theme
		ADDED from GasSystem\AndroidManifest.xml:91:13-48
	android:name
		ADDED from GasSystem\AndroidManifest.xml:88:13-52
activity#com.pl.gassystem.CopyGroupActivity
ADDED from GasSystem\AndroidManifest.xml:92:9-96:51
	android:screenOrientation
		ADDED from GasSystem\AndroidManifest.xml:95:13-49
	android:label
		ADDED from GasSystem\AndroidManifest.xml:94:13-62
	android:theme
		ADDED from GasSystem\AndroidManifest.xml:96:13-48
	android:name
		ADDED from GasSystem\AndroidManifest.xml:93:13-46
activity#com.pl.gassystem.CopyOneActivity
ADDED from GasSystem\AndroidManifest.xml:97:9-101:51
	android:screenOrientation
		ADDED from GasSystem\AndroidManifest.xml:100:13-49
	android:label
		ADDED from GasSystem\AndroidManifest.xml:99:13-60
	android:theme
		ADDED from GasSystem\AndroidManifest.xml:101:13-48
	android:name
		ADDED from GasSystem\AndroidManifest.xml:98:13-44
activity#com.pl.gassystem.CopyingActivity
ADDED from GasSystem\AndroidManifest.xml:102:9-106:51
	android:screenOrientation
		ADDED from GasSystem\AndroidManifest.xml:105:13-49
	android:label
		ADDED from GasSystem\AndroidManifest.xml:104:13-59
	android:theme
		ADDED from GasSystem\AndroidManifest.xml:106:13-48
	android:name
		ADDED from GasSystem\AndroidManifest.xml:103:13-44
activity#com.pl.gassystem.CopyResultActivity
ADDED from GasSystem\AndroidManifest.xml:107:9-111:51
	android:screenOrientation
		ADDED from GasSystem\AndroidManifest.xml:110:13-49
	android:label
		ADDED from GasSystem\AndroidManifest.xml:109:13-63
	android:theme
		ADDED from GasSystem\AndroidManifest.xml:111:13-48
	android:name
		ADDED from GasSystem\AndroidManifest.xml:108:13-47
activity#com.pl.gassystem.CopyDataDetailActivity
ADDED from GasSystem\AndroidManifest.xml:112:9-116:51
	android:screenOrientation
		ADDED from GasSystem\AndroidManifest.xml:115:13-49
	android:label
		ADDED from GasSystem\AndroidManifest.xml:114:13-63
	android:theme
		ADDED from GasSystem\AndroidManifest.xml:116:13-48
	android:name
		ADDED from GasSystem\AndroidManifest.xml:113:13-51
activity#com.pl.gassystem.CopyDataICRFDetailActivity
ADDED from GasSystem\AndroidManifest.xml:117:9-121:51
	android:screenOrientation
		ADDED from GasSystem\AndroidManifest.xml:120:13-49
	android:label
		ADDED from GasSystem\AndroidManifest.xml:119:13-63
	android:theme
		ADDED from GasSystem\AndroidManifest.xml:121:13-48
	android:name
		ADDED from GasSystem\AndroidManifest.xml:118:13-55
activity#com.pl.bluetooth.BluetoothChat
ADDED from GasSystem\AndroidManifest.xml:122:9-124:51
	android:theme
		ADDED from GasSystem\AndroidManifest.xml:124:13-48
	android:name
		ADDED from GasSystem\AndroidManifest.xml:123:13-58
activity#com.pl.gassystem.DeviceListActivity
ADDED from GasSystem\AndroidManifest.xml:125:9-129:70
	android:label
		ADDED from GasSystem\AndroidManifest.xml:128:13-63
	android:configChanges
		ADDED from GasSystem\AndroidManifest.xml:127:13-63
	android:theme
		ADDED from GasSystem\AndroidManifest.xml:129:13-67
	android:name
		ADDED from GasSystem\AndroidManifest.xml:126:13-47
activity#com.pl.bluetooth.FullScreen
ADDED from GasSystem\AndroidManifest.xml:130:9-137:20
	android:parentActivityName
		ADDED from GasSystem\AndroidManifest.xml:132:13-72
	android:windowSoftInputMode
		ADDED from GasSystem\AndroidManifest.xml:133:13-65
	android:name
		ADDED from GasSystem\AndroidManifest.xml:131:13-55
meta-data#android.support.PARENT_ACTIVITY
ADDED from GasSystem\AndroidManifest.xml:134:13-136:66
	android:value
		ADDED from GasSystem\AndroidManifest.xml:136:17-63
	android:name
		ADDED from GasSystem\AndroidManifest.xml:135:17-63
activity#com.pl.gassystem.GroupBindActivity
ADDED from GasSystem\AndroidManifest.xml:138:9-141:51
	android:screenOrientation
		ADDED from GasSystem\AndroidManifest.xml:140:13-49
	android:theme
		ADDED from GasSystem\AndroidManifest.xml:141:13-48
	android:name
		ADDED from GasSystem\AndroidManifest.xml:139:13-46
activity#com.pl.gassystem.MaintenanceActivity
ADDED from GasSystem\AndroidManifest.xml:142:9-146:51
	android:screenOrientation
		ADDED from GasSystem\AndroidManifest.xml:145:13-49
	android:label
		ADDED from GasSystem\AndroidManifest.xml:144:13-63
	android:theme
		ADDED from GasSystem\AndroidManifest.xml:146:13-48
	android:name
		ADDED from GasSystem\AndroidManifest.xml:143:13-48
activity#com.pl.gassystem.SelectMeterActivity
ADDED from GasSystem\AndroidManifest.xml:147:9-151:51
	android:screenOrientation
		ADDED from GasSystem\AndroidManifest.xml:150:13-49
	android:label
		ADDED from GasSystem\AndroidManifest.xml:149:13-64
	android:theme
		ADDED from GasSystem\AndroidManifest.xml:151:13-48
	android:name
		ADDED from GasSystem\AndroidManifest.xml:148:13-48
activity#com.pl.gassystem.InputComNumActivity
ADDED from GasSystem\AndroidManifest.xml:152:9-156:51
	android:screenOrientation
		ADDED from GasSystem\AndroidManifest.xml:155:13-49
	android:label
		ADDED from GasSystem\AndroidManifest.xml:154:13-65
	android:theme
		ADDED from GasSystem\AndroidManifest.xml:156:13-48
	android:name
		ADDED from GasSystem\AndroidManifest.xml:153:13-48
activity#com.pl.gassystem.DataDownloadActivity
ADDED from GasSystem\AndroidManifest.xml:157:9-161:51
	android:screenOrientation
		ADDED from GasSystem\AndroidManifest.xml:160:13-49
	android:label
		ADDED from GasSystem\AndroidManifest.xml:159:13-65
	android:theme
		ADDED from GasSystem\AndroidManifest.xml:161:13-48
	android:name
		ADDED from GasSystem\AndroidManifest.xml:158:13-49
activity#com.pl.gassystem.CopyPhotoActivity
ADDED from GasSystem\AndroidManifest.xml:162:9-166:51
	android:screenOrientation
		ADDED from GasSystem\AndroidManifest.xml:165:13-49
	android:label
		ADDED from GasSystem\AndroidManifest.xml:164:13-62
	android:theme
		ADDED from GasSystem\AndroidManifest.xml:166:13-48
	android:name
		ADDED from GasSystem\AndroidManifest.xml:163:13-46
activity#com.pl.gassystem.InputPhotoComNumActivity
ADDED from GasSystem\AndroidManifest.xml:167:9-171:51
	android:screenOrientation
		ADDED from GasSystem\AndroidManifest.xml:170:13-49
	android:label
		ADDED from GasSystem\AndroidManifest.xml:169:13-71
	android:theme
		ADDED from GasSystem\AndroidManifest.xml:171:13-48
	android:name
		ADDED from GasSystem\AndroidManifest.xml:168:13-53
activity#com.pl.gassystem.SetUpdateActivity
ADDED from GasSystem\AndroidManifest.xml:174:9-178:51
	android:screenOrientation
		ADDED from GasSystem\AndroidManifest.xml:177:13-49
	android:label
		ADDED from GasSystem\AndroidManifest.xml:176:13-62
	android:theme
		ADDED from GasSystem\AndroidManifest.xml:178:13-48
	android:name
		ADDED from GasSystem\AndroidManifest.xml:175:13-46
activity#com.pl.qu.QRActivity
ADDED from GasSystem\AndroidManifest.xml:179:9-184:63
	android:screenOrientation
		ADDED from GasSystem\AndroidManifest.xml:183:13-49
	android:label
		ADDED from GasSystem\AndroidManifest.xml:182:13-48
	android:windowSoftInputMode
		ADDED from GasSystem\AndroidManifest.xml:184:13-60
	android:configChanges
		ADDED from GasSystem\AndroidManifest.xml:181:13-63
	android:name
		ADDED from GasSystem\AndroidManifest.xml:180:13-48
activity#com.pl.gassystem.SetCopyTimeActivity
ADDED from GasSystem\AndroidManifest.xml:186:9-190:51
	android:screenOrientation
		ADDED from GasSystem\AndroidManifest.xml:189:13-49
	android:label
		ADDED from GasSystem\AndroidManifest.xml:188:13-65
	android:theme
		ADDED from GasSystem\AndroidManifest.xml:190:13-48
	android:name
		ADDED from GasSystem\AndroidManifest.xml:187:13-48
activity#com.pl.gassystem.SHCmdActivity
ADDED from GasSystem\AndroidManifest.xml:191:9-195:51
	android:screenOrientation
		ADDED from GasSystem\AndroidManifest.xml:194:13-49
	android:label
		ADDED from GasSystem\AndroidManifest.xml:193:13-57
	android:theme
		ADDED from GasSystem\AndroidManifest.xml:195:13-48
	android:name
		ADDED from GasSystem\AndroidManifest.xml:192:13-42
activity#com.zxing.activity.CaptureActivity
ADDED from GasSystem\AndroidManifest.xml:196:9-201:63
	android:screenOrientation
		ADDED from GasSystem\AndroidManifest.xml:199:13-49
	android:windowSoftInputMode
		ADDED from GasSystem\AndroidManifest.xml:201:13-60
	android:configChanges
		ADDED from GasSystem\AndroidManifest.xml:198:13-63
	android:theme
		ADDED from GasSystem\AndroidManifest.xml:200:13-71
	android:name
		ADDED from GasSystem\AndroidManifest.xml:197:13-62
activity#com.pl.gassystem.CopySetMjcActivity
ADDED from GasSystem\AndroidManifest.xml:202:9-206:51
	android:screenOrientation
		ADDED from GasSystem\AndroidManifest.xml:205:13-49
	android:label
		ADDED from GasSystem\AndroidManifest.xml:204:13-64
	android:theme
		ADDED from GasSystem\AndroidManifest.xml:206:13-48
	android:name
		ADDED from GasSystem\AndroidManifest.xml:203:13-47
activity#com.pl.gassystem.OtherFunctionActivity
ADDED from GasSystem\AndroidManifest.xml:208:9-59
	android:name
		ADDED from GasSystem\AndroidManifest.xml:208:19-56
activity#com.pl.gassystem.userinfo.XiNingUserInfoImportActivity
ADDED from GasSystem\AndroidManifest.xml:209:9-75
	android:name
		ADDED from GasSystem\AndroidManifest.xml:209:19-72
activity#com.pl.gassystem.CopyResultActivityWarnBig
ADDED from GasSystem\AndroidManifest.xml:212:9-216:51
	android:screenOrientation
		ADDED from GasSystem\AndroidManifest.xml:215:13-49
	android:label
		ADDED from GasSystem\AndroidManifest.xml:214:13-63
	android:theme
		ADDED from GasSystem\AndroidManifest.xml:216:13-48
	android:name
		ADDED from GasSystem\AndroidManifest.xml:213:13-54
activity#com.pl.gassystem.activity.ct.CtConcentratorListActivity
ADDED from GasSystem\AndroidManifest.xml:220:9-76
	android:name
		ADDED from GasSystem\AndroidManifest.xml:220:19-73
activity#com.pl.gassystem.activity.ct.CtCopySituationActivity
ADDED from GasSystem\AndroidManifest.xml:221:9-73
	android:name
		ADDED from GasSystem\AndroidManifest.xml:221:19-70
activity#com.pl.gassystem.activity.ct.CtShowBookListCopyDataActivity
ADDED from GasSystem\AndroidManifest.xml:222:9-80
	android:name
		ADDED from GasSystem\AndroidManifest.xml:222:19-77
activity#com.pl.gassystem.activity.ct.CtCopyDataBookDetailActivity
ADDED from GasSystem\AndroidManifest.xml:223:9-78
	android:name
		ADDED from GasSystem\AndroidManifest.xml:223:19-75
activity#com.pl.gassystem.activity.ct.CtNetworkingActivity
ADDED from GasSystem\AndroidManifest.xml:224:9-70
	android:name
		ADDED from GasSystem\AndroidManifest.xml:224:19-67
activity#com.pl.gassystem.activity.ct.CtMoveBookActivity
ADDED from GasSystem\AndroidManifest.xml:225:9-68
	android:name
		ADDED from GasSystem\AndroidManifest.xml:225:19-65
activity#com.pl.gassystem.activity.ct.CtCopyingActivity
ADDED from GasSystem\AndroidManifest.xml:226:9-67
	android:name
		ADDED from GasSystem\AndroidManifest.xml:226:19-64
activity#com.pl.gassystem.activity.ct.CtCopyBookChooseActivity
ADDED from GasSystem\AndroidManifest.xml:227:9-74
	android:name
		ADDED from GasSystem\AndroidManifest.xml:227:19-71
activity#com.pl.gassystem.activity.ct.CtCopyBookActivity
ADDED from GasSystem\AndroidManifest.xml:228:9-68
	android:name
		ADDED from GasSystem\AndroidManifest.xml:228:19-65
activity#com.pl.gassystem.activity.ct.CtShowBookListCopyDataICRFActivity
ADDED from GasSystem\AndroidManifest.xml:229:9-84
	android:name
		ADDED from GasSystem\AndroidManifest.xml:229:19-81
activity#com.pl.gassystem.activity.ht.HtCopyingActivity
ADDED from GasSystem\AndroidManifest.xml:232:9-67
	android:name
		ADDED from GasSystem\AndroidManifest.xml:232:19-64
activity#com.pl.gassystem.activity.ht.HtBookListActivity
ADDED from GasSystem\AndroidManifest.xml:233:9-68
	android:name
		ADDED from GasSystem\AndroidManifest.xml:233:19-65
activity#com.pl.gassystem.activity.ht.HtChangeBookNoOrCumulantActivity
ADDED from GasSystem\AndroidManifest.xml:234:9-82
	android:name
		ADDED from GasSystem\AndroidManifest.xml:234:19-79
activity#com.pl.gassystem.activity.ht.HtSetBookParameterActivity
ADDED from GasSystem\AndroidManifest.xml:235:9-76
	android:name
		ADDED from GasSystem\AndroidManifest.xml:235:19-73
activity#com.pl.gassystem.activity.ht.HtMaintenanceActivity
ADDED from GasSystem\AndroidManifest.xml:236:9-70
	android:name
		ADDED from GasSystem\AndroidManifest.xml:236:19-68
activity#com.pl.gassystem.activity.ht.HtChooseBooksActivity
ADDED from GasSystem\AndroidManifest.xml:237:9-70
	android:name
		ADDED from GasSystem\AndroidManifest.xml:237:19-68
activity#com.pl.gassystem.activity.ht.HtSingleCopyTestActivity
ADDED from GasSystem\AndroidManifest.xml:238:9-73
	android:name
		ADDED from GasSystem\AndroidManifest.xml:238:19-71
activity#com.pl.gassystem.activity.ht.HtValveMaintainActivity
ADDED from GasSystem\AndroidManifest.xml:239:9-72
	android:name
		ADDED from GasSystem\AndroidManifest.xml:239:19-70
activity#com.pl.gassystem.activity.ht.HtQueryParameterActivity
ADDED from GasSystem\AndroidManifest.xml:240:9-73
	android:name
		ADDED from GasSystem\AndroidManifest.xml:240:19-71
activity#com.pl.gassystem.activity.ht.HtSetKeyActivity
ADDED from GasSystem\AndroidManifest.xml:241:9-65
	android:name
		ADDED from GasSystem\AndroidManifest.xml:241:19-63
activity#com.pl.gassystem.activity.ht.HtSetNewCopyKeyActivity
ADDED from GasSystem\AndroidManifest.xml:242:9-72
	android:name
		ADDED from GasSystem\AndroidManifest.xml:242:19-70
activity#com.pl.gassystem.activity.ht.HtSetCopyChannelActivity
ADDED from GasSystem\AndroidManifest.xml:243:9-73
	android:name
		ADDED from GasSystem\AndroidManifest.xml:243:19-71
activity#com.pl.gassystem.activity.LogActivity
ADDED from GasSystem\AndroidManifest.xml:246:9-58
	android:name
		ADDED from GasSystem\AndroidManifest.xml:246:19-55
activity#com.pl.gassystem.activity.AboutActivity
ADDED from GasSystem\AndroidManifest.xml:247:9-60
	android:name
		ADDED from GasSystem\AndroidManifest.xml:247:19-57
activity#com.pl.gassystem.activity.SettingActivity
ADDED from GasSystem\AndroidManifest.xml:248:9-62
	android:name
		ADDED from GasSystem\AndroidManifest.xml:248:19-59
activity#com.pl.gassystem.activity.DataManageActivity
ADDED from GasSystem\AndroidManifest.xml:249:9-65
	android:name
		ADDED from GasSystem\AndroidManifest.xml:249:19-62
activity#com.pl.gassystem.activity.SetRunModeActivity
ADDED from GasSystem\AndroidManifest.xml:250:9-65
	android:name
		ADDED from GasSystem\AndroidManifest.xml:250:19-62
activity#com.pl.gassystem.activity.GroupingDetailsActivity
ADDED from GasSystem\AndroidManifest.xml:251:9-69
	android:name
		ADDED from GasSystem\AndroidManifest.xml:251:19-67
uses-sdk
INJECTED from GasSystem\AndroidManifest.xml reason: use-sdk injection requested
MERGED from [com.zhy:okhttputils:2.6.2] AndroidManifest.xml:7:5-9:41
MERGED from [com.jakewharton:butterknife:8.8.0] AndroidManifest.xml:5:5-43
MERGED from [com.github.jdsjlzx:LRecyclerView:1.4.3] AndroidManifest.xml:7:5-9:41
MERGED from [com.android.support:design:25.3.0] AndroidManifest.xml:21:5-23:62
MERGED from [com.android.support:recyclerview-v7:25.3.0] AndroidManifest.xml:20:5-43
MERGED from [com.android.support:transition:25.3.0] AndroidManifest.xml:20:5-44
MERGED from [GasSystem:zuoni-common:unspecified] AndroidManifest.xml:7:5-9:41
MERGED from [com.android.support:appcompat-v7:25.3.0] AndroidManifest.xml:21:5-23:78
MERGED from [com.android.support:support-v4:25.3.0] AndroidManifest.xml:21:5-23:54
MERGED from [com.android.support:support-fragment:25.3.0] AndroidManifest.xml:21:5-23:60
MERGED from [com.android.support:support-media-compat:25.3.0] AndroidManifest.xml:21:5-23:63
MERGED from [com.android.support:support-core-ui:25.3.0] AndroidManifest.xml:21:5-23:58
MERGED from [com.android.support:support-core-utils:25.3.0] AndroidManifest.xml:21:5-23:61
MERGED from [com.android.support:animated-vector-drawable:25.3.0] AndroidManifest.xml:20:5-44
MERGED from [com.android.support:support-vector-drawable:25.3.0] AndroidManifest.xml:20:5-43
MERGED from [com.android.support:support-compat:25.3.0] AndroidManifest.xml:21:5-23:58
	tools:overrideLibrary
		ADDED from [com.android.support:design:25.3.0] AndroidManifest.xml:23:9-59
	android:targetSdkVersion
		INJECTED from GasSystem\AndroidManifest.xml
		INJECTED from GasSystem\AndroidManifest.xml
	android:minSdkVersion
		INJECTED from GasSystem\AndroidManifest.xml
		INJECTED from GasSystem\AndroidManifest.xml
meta-data#android.support.VERSION
ADDED from [com.android.support:design:25.3.0] AndroidManifest.xml:25:5-27:34
MERGED from [com.android.support:recyclerview-v7:25.3.0] AndroidManifest.xml:22:5-24:34
MERGED from [com.android.support:transition:25.3.0] AndroidManifest.xml:22:5-24:34
MERGED from [com.android.support:appcompat-v7:25.3.0] AndroidManifest.xml:25:5-27:34
MERGED from [com.android.support:support-v4:25.3.0] AndroidManifest.xml:25:5-27:34
MERGED from [com.android.support:support-fragment:25.3.0] AndroidManifest.xml:25:5-27:34
MERGED from [com.android.support:support-media-compat:25.3.0] AndroidManifest.xml:25:5-27:34
MERGED from [com.android.support:support-core-ui:25.3.0] AndroidManifest.xml:25:5-27:34
MERGED from [com.android.support:support-core-utils:25.3.0] AndroidManifest.xml:25:5-27:34
MERGED from [com.android.support:animated-vector-drawable:25.3.0] AndroidManifest.xml:22:5-24:34
MERGED from [com.android.support:support-vector-drawable:25.3.0] AndroidManifest.xml:22:5-24:34
MERGED from [com.android.support:support-compat:25.3.0] AndroidManifest.xml:25:5-27:34
	android:value
		ADDED from [com.android.support:design:25.3.0] AndroidManifest.xml:27:9-31
	android:name
		ADDED from [com.android.support:design:25.3.0] AndroidManifest.xml:26:9-47